[debug] [2024-09-14T07:54:12.214Z] ----------------------------------------------------------------------
[debug] [2024-09-14T07:54:12.222Z] Command:       C:\Program Files\nodejs\node.exe C:\Users\user\AppData\Roaming\npm\node_modules\firebase-tools\lib\bin\firebase.js init
[debug] [2024-09-14T07:54:12.223Z] CLI Version:   13.17.0
[debug] [2024-09-14T07:54:12.223Z] Platform:      win32
[debug] [2024-09-14T07:54:12.223Z] Node Version:  v20.15.0
[debug] [2024-09-14T07:54:12.223Z] Time:          Sat Sep 14 2024 13:24:12 GMT+0530 (India Standard Time)
[debug] [2024-09-14T07:54:12.223Z] ----------------------------------------------------------------------
[debug] 
[debug] [2024-09-14T07:54:12.296Z] > command requires scopes: ["email","openid","https://www.googleapis.com/auth/cloudplatformprojects.readonly","https://www.googleapis.com/auth/firebase","https://www.googleapis.com/auth/cloud-platform"]
[debug] [2024-09-14T07:54:12.297Z] > authorizing via signed-in user (teenazerah@gmail.com)
[info] 
     ######## #### ########  ######## ########     ###     ######  ########
     ##        ##  ##     ## ##       ##     ##  ##   ##  ##       ##
     ######    ##  ########  ######   ########  #########  ######  ######
     ##        ##  ##    ##  ##       ##     ## ##     ##       ## ##
     ##       #### ##     ## ######## ########  ##     ##  ######  ########

You're about to initialize a Firebase project in this directory:

  C:\Users\user\Downloads\AcoNewsApp-Using-React-With-Tailwind-In-Firebase-master\AcoNewsApp-Using-React-With-Tailwind-In-Firebase-master

Before we get started, keep in mind:

  * You are initializing within an existing Firebase project directory

